<?xml version="1.0" encoding="UTF-8"?>
<!-- Generated by org.testng.reporters.JUnitReportReporter -->
<testsuite skipped="0" hostname="DESKTOP-BA319U8" name="Console.FirstMavenProject.NewTestCase2" tests="2" failures="0" timestamp="26 Nov 2019 12:35:33 GMT" time="0.004" errors="0">
  <testcase name="f" time="0.004" classname="Console.FirstMavenProject.NewTestCase2"/>
  <testcase name="f" time="0.000" classname="Console.FirstMavenProject.NewTestCase2"/>
</testsuite> <!-- Console.FirstMavenProject.NewTestCase2 -->
