<?xml version="1.0" encoding="UTF-8"?>
<!-- Generated by org.testng.reporters.JUnitReportReporter -->
<testsuite skipped="0" hostname="DESKTOP-BA319U8" name="Console.FirstMavenProject.NewTest4" tests="2" failures="0" timestamp="26 Nov 2019 16:05:31 GMT" time="0.012" errors="0">
  <testcase name="f" time="0.004" classname="Console.FirstMavenProject.NewTest4"/>
  <testcase name="f" time="0.008" classname="Console.FirstMavenProject.NewTest4"/>
</testsuite> <!-- Console.FirstMavenProject.NewTest4 -->
