<?xml version="1.0" encoding="UTF-8"?>
<!-- Generated by org.testng.reporters.JUnitReportReporter -->
<testsuite skipped="0" hostname="DESKTOP-BA319U8" name="Console.FirstMavenProject.NewTest3" tests="3" failures="0" timestamp="26 Nov 2019 13:44:08 GMT" time="0.003" errors="0">
  <testcase name="f3" time="0.000" classname="Console.FirstMavenProject.NewTest3"/>
  <testcase name="f" time="0.003" classname="Console.FirstMavenProject.NewTest3"/>
  <testcase name="f2" time="0.000" classname="Console.FirstMavenProject.NewTest3"/>
</testsuite> <!-- Console.FirstMavenProject.NewTest3 -->
